This is pdfTeX, Version 3.1415926-2.4-1.40.13 (TeX Live 2012/Debian) (format=pdflatex 2013.4.14)  30 APR 2013 15:32
entering extended mode
 restricted \write18 enabled.
 %&-line parsing enabled.
**anti_plagiarism.tex
(./anti_plagiarism.tex
LaTeX2e <2011/06/27>
Babel <v3.8m> and hyphenation patterns for english, dumylang, nohyphenation, et
hiopic, farsi, arabic, pinyin, croatian, bulgarian, ukrainian, russian, slovak,
 czech, danish, dutch, usenglishmax, ukenglish, finnish, french, basque, ngerma
n, german, swissgerman, ngerman-x-2012-05-30, german-x-2012-05-30, monogreek, g
reek, ibycus, ancientgreek, hungarian, bengali, tamil, hindi, telugu, gujarati,
 sanskrit, malayalam, kannada, assamese, marathi, oriya, panjabi, italian, lati
n, latvian, lithuanian, mongolian, mongolianlmc, nynorsk, bokmal, indonesian, e
speranto, coptic, welsh, irish, interlingua, serbian, serbianc, slovenian, friu
lan, romansh, estonian, romanian, armenian, uppersorbian, turkish, afrikaans, i
celandic, kurmanji, polish, portuguese, galician, catalan, spanish, swedish, th
ai, loaded.
(/usr/share/texlive/texmf-dist/tex/latex/base/article.cls
Document Class: article 2007/10/19 v1.4h Standard LaTeX document class
(/usr/share/texlive/texmf-dist/tex/latex/base/size12.clo
File: size12.clo 2007/10/19 v1.4h Standard LaTeX file (size option)
)
\c@part=\count79
\c@section=\count80
\c@subsection=\count81
\c@subsubsection=\count82
\c@paragraph=\count83
\c@subparagraph=\count84
\c@figure=\count85
\c@table=\count86
\abovecaptionskip=\skip41
\belowcaptionskip=\skip42
\bibindent=\dimen102
)
(/usr/share/texlive/texmf-dist/tex/latex/geometry/geometry.sty
Package: geometry 2010/09/12 v5.6 Page Geometry

(/usr/share/texlive/texmf-dist/tex/latex/graphics/keyval.sty
Package: keyval 1999/03/16 v1.13 key=value parser (DPC)
\KV@toks@=\toks14
)
(/usr/share/texlive/texmf-dist/tex/generic/oberdiek/ifpdf.sty
Package: ifpdf 2011/01/30 v2.3 Provides the ifpdf switch (HO)
Package ifpdf Info: pdfTeX in PDF mode is detected.
)
(/usr/share/texlive/texmf-dist/tex/generic/oberdiek/ifvtex.sty
Package: ifvtex 2010/03/01 v1.5 Detect VTeX and its facilities (HO)
Package ifvtex Info: VTeX not detected.
)
(/usr/share/texlive/texmf-dist/tex/generic/ifxetex/ifxetex.sty
Package: ifxetex 2010/09/12 v0.6 Provides ifxetex conditional
)
\Gm@cnth=\count87
\Gm@cntv=\count88
\c@Gm@tempcnt=\count89
\Gm@bindingoffset=\dimen103
\Gm@wd@mp=\dimen104
\Gm@odd@mp=\dimen105
\Gm@even@mp=\dimen106
\Gm@layoutwidth=\dimen107
\Gm@layoutheight=\dimen108
\Gm@layouthoffset=\dimen109
\Gm@layoutvoffset=\dimen110
\Gm@dimlist=\toks15
)
(/usr/share/texlive/texmf-dist/tex/latex/base/inputenc.sty
Package: inputenc 2008/03/30 v1.1d Input encoding file
\inpenc@prehook=\toks16
\inpenc@posthook=\toks17

(/usr/share/texlive/texmf-dist/tex/latex/base/latin1.def
File: latin1.def 2008/03/30 v1.1d Input encoding file
))
(/usr/share/texlive/texmf-dist/tex/latex/amsmath/amsmath.sty
Package: amsmath 2000/07/18 v2.13 AMS math features
\@mathmargin=\skip43

For additional information on amsmath, use the `?' option.
(/usr/share/texlive/texmf-dist/tex/latex/amsmath/amstext.sty
Package: amstext 2000/06/29 v2.01

(/usr/share/texlive/texmf-dist/tex/latex/amsmath/amsgen.sty
File: amsgen.sty 1999/11/30 v2.0
\@emptytoks=\toks18
\ex@=\dimen111
))
(/usr/share/texlive/texmf-dist/tex/latex/amsmath/amsbsy.sty
Package: amsbsy 1999/11/29 v1.2d
\pmbraise@=\dimen112
)
(/usr/share/texlive/texmf-dist/tex/latex/amsmath/amsopn.sty
Package: amsopn 1999/12/14 v2.01 operator names
)
\inf@bad=\count90
LaTeX Info: Redefining \frac on input line 211.
\uproot@=\count91
\leftroot@=\count92
LaTeX Info: Redefining \overline on input line 307.
\classnum@=\count93
\DOTSCASE@=\count94
LaTeX Info: Redefining \ldots on input line 379.
LaTeX Info: Redefining \dots on input line 382.
LaTeX Info: Redefining \cdots on input line 467.
\Mathstrutbox@=\box26
\strutbox@=\box27
\big@size=\dimen113
LaTeX Font Info:    Redeclaring font encoding OML on input line 567.
LaTeX Font Info:    Redeclaring font encoding OMS on input line 568.
\macc@depth=\count95
\c@MaxMatrixCols=\count96
\dotsspace@=\muskip10
\c@parentequation=\count97
\dspbrk@lvl=\count98
\tag@help=\toks19
\row@=\count99
\column@=\count100
\maxfields@=\count101
\andhelp@=\toks20
\eqnshift@=\dimen114
\alignsep@=\dimen115
\tagshift@=\dimen116
\tagwidth@=\dimen117
\totwidth@=\dimen118
\lineht@=\dimen119
\@envbody=\toks21
\multlinegap=\skip44
\multlinetaggap=\skip45
\mathdisplay@stack=\toks22
LaTeX Info: Redefining \[ on input line 2666.
LaTeX Info: Redefining \] on input line 2667.
)
(/usr/share/texlive/texmf-dist/tex/latex/parskip/parskip.sty
Package: parskip 2001/04/09 non-zero parskip adjustments
)
(/usr/share/texlive/texmf-dist/tex/latex/base/fontenc.sty
Package: fontenc 2005/09/27 v1.99g Standard LaTeX package

(/usr/share/texlive/texmf-dist/tex/latex/base/t1enc.def
File: t1enc.def 2005/09/27 v1.99g Standard LaTeX file
LaTeX Font Info:    Redeclaring font encoding T1 on input line 43.
))
(/usr/share/texlive/texmf-dist/tex/latex/psnfss/palatino.sty
Package: palatino 2005/04/12 PSNFSS-v9.2a (SPQR) 
)
(/usr/share/texlive/texmf-dist/tex/latex/algorithm2e/algorithm2e.sty
Package: algorithm2e 2008/00/00 v3.10 algorithms environments
\c@AlgoLine=\count102

(/usr/share/texlive/texmf-dist/tex/latex/base/ifthen.sty
Package: ifthen 2001/05/26 v1.1c Standard LaTeX ifthen package (DPC)
)
(/usr/share/texlive/texmf-dist/tex/latex/tools/xspace.sty
Package: xspace 2009/10/20 v1.13 Space after command names (DPC,MH)
)
(/usr/share/texlive/texmf-dist/tex/latex/relsize/relsize.sty
Package: relsize 2011/09/21 ver 4.0

Examine \normalsize starts \@setfontsize size may be \@xiipt. 
Examine \small starts \@setfontsize size may be \@xipt. 
Examine \footnotesize starts \@setfontsize size may be \@xpt. 
Examine \large starts \@setfontsize size may be \@xivpt. 
Examine \Large starts \@setfontsize size may be \@xviipt. 
Examine \LARGE starts \@setfontsize size may be \@xxpt. 
Examine \scriptsize starts \@setfontsize size may be \@viiipt. 
Examine \tiny starts \@setfontsize size may be \@vipt. 
Examine \huge starts \@setfontsize size may be \@xxvpt. 
Examine \Huge starts \@setfontsize size may be \@xxvpt. )
********************************************************
Package `algorithm2e' Release 4.01 -- december 14 2009 --
- algorithm2e-announce@lirmm.fr mailing list for announcement about releases
- algorithm2e-discussion@lirmm.fr mailing list for discussion about package
subscribe by emailing sympa@lirmm.fr with 'subscribe <list> <firstname name>'
- Author: Christophe Fiorio (fiorio@lirmm.fr)
********************************************************
\skiptotal=\skip46
\skiplinenumber=\skip47
\skiprule=\skip48
\skiphlne=\skip49
\skiptext=\skip50
\skiplength=\skip51
\algomargin=\skip52
\skipalgocfslide=\skip53
\algowidth=\dimen120
\inoutsize=\dimen121
\inoutline=\dimen122
\interspacetitleruled=\dimen123
\interspacealgoruled=\dimen124
\interspacetitleboxruled=\dimen125
\algocf@inoutbox=\box28
\algocf@inputbox=\box29
\AlCapSkip=\skip54
\AlCapHSkip=\skip55
\algocf@nlbox=\box30
\algocf@hangingbox=\box31
\algocf@capbox=\box32
\algoheightruledefault=\skip56
\algoheightrule=\skip57
\algotitleheightruledefault=\skip58
\algotitleheightrule=\skip59
\c@algocfline=\count103
\c@algocfproc=\count104
\c@algocf=\count105
\algocf@algoframe=\box33
\algocf@algobox=\box34
) (/usr/share/texlive/texmf-dist/tex/latex/algorithms/algorithmic.sty
Package: algorithmic 2009/08/24 v0.1 Document Style `algorithmic'
\c@ALC@unique=\count106
\c@ALC@line=\count107
\c@ALC@rem=\count108
\c@ALC@depth=\count109
\ALC@tlm=\skip60
\algorithmicindent=\skip61
)
(/usr/share/texlive/texmf-dist/tex/latex/hyperref/hyperref.sty
Package: hyperref 2012/05/13 v6.82q Hypertext links for LaTeX

(/usr/share/texlive/texmf-dist/tex/generic/oberdiek/hobsub-hyperref.sty
Package: hobsub-hyperref 2012/05/28 v1.13 Bundle oberdiek, subset hyperref (HO)


(/usr/share/texlive/texmf-dist/tex/generic/oberdiek/hobsub-generic.sty
Package: hobsub-generic 2012/05/28 v1.13 Bundle oberdiek, subset generic (HO)
Package: hobsub 2012/05/28 v1.13 Construct package bundles (HO)
Package: infwarerr 2010/04/08 v1.3 Providing info/warning/error messages (HO)
Package: ltxcmds 2011/11/09 v1.22 LaTeX kernel commands for general use (HO)
Package: ifluatex 2010/03/01 v1.3 Provides the ifluatex switch (HO)
Package ifluatex Info: LuaTeX not detected.
Package hobsub Info: Skipping package `ifvtex' (already loaded).
Package: intcalc 2007/09/27 v1.1 Expandable calculations with integers (HO)
Package hobsub Info: Skipping package `ifpdf' (already loaded).
Package: etexcmds 2011/02/16 v1.5 Avoid name clashes with e-TeX commands (HO)
Package etexcmds Info: Could not find \expanded.
(etexcmds)             That can mean that you are not using pdfTeX 1.50 or
(etexcmds)             that some package has redefined \expanded.
(etexcmds)             In the latter case, load this package earlier.
Package: kvsetkeys 2012/04/25 v1.16 Key value parser (HO)
Package: kvdefinekeys 2011/04/07 v1.3 Define keys (HO)
Package: pdftexcmds 2011/11/29 v0.20 Utility functions of pdfTeX for LuaTeX (HO
)
Package pdftexcmds Info: LuaTeX not detected.
Package pdftexcmds Info: \pdf@primitive is available.
Package pdftexcmds Info: \pdf@ifprimitive is available.
Package pdftexcmds Info: \pdfdraftmode found.
Package: pdfescape 2011/11/25 v1.13 Implements pdfTeX's escape features (HO)
Package: bigintcalc 2012/04/08 v1.3 Expandable calculations on big integers (HO
)
Package: bitset 2011/01/30 v1.1 Handle bit-vector datatype (HO)
Package: uniquecounter 2011/01/30 v1.2 Provide unlimited unique counter (HO)
)
Package hobsub Info: Skipping package `hobsub' (already loaded).
Package: letltxmacro 2010/09/02 v1.4 Let assignment for LaTeX macros (HO)
Package: hopatch 2012/05/28 v1.2 Wrapper for package hooks (HO)
Package: xcolor-patch 2011/01/30 xcolor patch
Package: atveryend 2011/06/30 v1.8 Hooks at the very end of document (HO)
Package atveryend Info: \enddocument detected (standard20110627).
Package: atbegshi 2011/10/05 v1.16 At begin shipout hook (HO)
Package: refcount 2011/10/16 v3.4 Data extraction from label references (HO)
Package: hycolor 2011/01/30 v1.7 Color options for hyperref/bookmark (HO)
)
(/usr/share/texlive/texmf-dist/tex/latex/oberdiek/kvoptions.sty
Package: kvoptions 2011/06/30 v3.11 Key value format for package options (HO)
)
\@linkdim=\dimen126
\Hy@linkcounter=\count110
\Hy@pagecounter=\count111

(/usr/share/texlive/texmf-dist/tex/latex/hyperref/pd1enc.def
File: pd1enc.def 2012/05/13 v6.82q Hyperref: PDFDocEncoding definition (HO)
)
\Hy@SavedSpaceFactor=\count112

(/usr/share/texlive/texmf-dist/tex/latex/latexconfig/hyperref.cfg
File: hyperref.cfg 2002/06/06 v1.2 hyperref configuration of TeXLive
)
Package hyperref Info: Hyper figures OFF on input line 4062.
Package hyperref Info: Link nesting OFF on input line 4067.
Package hyperref Info: Hyper index ON on input line 4070.
Package hyperref Info: Plain pages OFF on input line 4077.
Package hyperref Info: Backreferencing OFF on input line 4082.
Package hyperref Info: Implicit mode ON; LaTeX internals redefined.
Package hyperref Info: Bookmarks ON on input line 4300.
\c@Hy@tempcnt=\count113

(/usr/share/texlive/texmf-dist/tex/latex/url/url.sty
\Urlmuskip=\muskip11
Package: url 2006/04/12  ver 3.3  Verb mode for urls, etc.
)
LaTeX Info: Redefining \url on input line 4653.
\Fld@menulength=\count114
\Field@Width=\dimen127
\Fld@charsize=\dimen128
Package hyperref Info: Hyper figures OFF on input line 5773.
Package hyperref Info: Link nesting OFF on input line 5778.
Package hyperref Info: Hyper index ON on input line 5781.
Package hyperref Info: backreferencing OFF on input line 5788.
Package hyperref Info: Link coloring OFF on input line 5793.
Package hyperref Info: Link coloring with OCG OFF on input line 5798.
Package hyperref Info: PDF/A mode OFF on input line 5803.
LaTeX Info: Redefining \ref on input line 5843.
LaTeX Info: Redefining \pageref on input line 5847.
\Hy@abspage=\count115
\c@Item=\count116
\c@Hfootnote=\count117
)

Package hyperref Message: Driver (autodetected): hpdftex.

(/usr/share/texlive/texmf-dist/tex/latex/hyperref/hpdftex.def
File: hpdftex.def 2012/05/13 v6.82q Hyperref driver for pdfTeX
\Fld@listcount=\count118
\c@bookmark@seq@number=\count119

(/usr/share/texlive/texmf-dist/tex/latex/oberdiek/rerunfilecheck.sty
Package: rerunfilecheck 2011/04/15 v1.7 Rerun checks for auxiliary files (HO)
Package uniquecounter Info: New unique counter `rerunfilecheck' on input line 2
82.
)
\Hy@SectionHShift=\skip62
)
(/usr/share/texlive/texmf-dist/tex/latex/amsfonts/amssymb.sty
Package: amssymb 2009/06/22 v3.00

(/usr/share/texlive/texmf-dist/tex/latex/amsfonts/amsfonts.sty
Package: amsfonts 2009/06/22 v3.00 Basic AMSFonts support
\symAMSa=\mathgroup4
\symAMSb=\mathgroup5
LaTeX Font Info:    Overwriting math alphabet `\mathfrak' in version `bold'
(Font)                  U/euf/m/n --> U/euf/b/n on input line 96.
))
(/usr/share/texlive/texmf-dist/tex/latex/graphics/graphicx.sty
Package: graphicx 1999/02/16 v1.0f Enhanced LaTeX Graphics (DPC,SPQR)

(/usr/share/texlive/texmf-dist/tex/latex/graphics/graphics.sty
Package: graphics 2009/02/05 v1.0o Standard LaTeX Graphics (DPC,SPQR)

(/usr/share/texlive/texmf-dist/tex/latex/graphics/trig.sty
Package: trig 1999/03/16 v1.09 sin cos tan (DPC)
)
(/usr/share/texlive/texmf-dist/tex/latex/latexconfig/graphics.cfg
File: graphics.cfg 2010/04/23 v1.9 graphics configuration of TeX Live
)
Package graphics Info: Driver file: pdftex.def on input line 91.

(/usr/share/texlive/texmf-dist/tex/latex/pdftex-def/pdftex.def
File: pdftex.def 2011/05/27 v0.06d Graphics/color for pdfTeX
\Gread@gobject=\count120
))
\Gin@req@height=\dimen129
\Gin@req@width=\dimen130
)

LaTeX Warning: Unused global option(s):
    [twosided].

(./anti_plagiarism.aux)
\openout1 = `anti_plagiarism.aux'.

LaTeX Font Info:    Checking defaults for OML/cmm/m/it on input line 15.
LaTeX Font Info:    ... okay on input line 15.
LaTeX Font Info:    Checking defaults for T1/cmr/m/n on input line 15.
LaTeX Font Info:    ... okay on input line 15.
LaTeX Font Info:    Checking defaults for OT1/cmr/m/n on input line 15.
LaTeX Font Info:    ... okay on input line 15.
LaTeX Font Info:    Checking defaults for OMS/cmsy/m/n on input line 15.
LaTeX Font Info:    ... okay on input line 15.
LaTeX Font Info:    Checking defaults for OMX/cmex/m/n on input line 15.
LaTeX Font Info:    ... okay on input line 15.
LaTeX Font Info:    Checking defaults for U/cmr/m/n on input line 15.
LaTeX Font Info:    ... okay on input line 15.
LaTeX Font Info:    Checking defaults for PD1/pdf/m/n on input line 15.
LaTeX Font Info:    ... okay on input line 15.
LaTeX Font Info:    Try loading font information for T1+ppl on input line 15.

(/usr/share/texlive/texmf-dist/tex/latex/psnfss/t1ppl.fd
File: t1ppl.fd 2001/06/04 font definitions for T1/ppl.
)
*geometry* driver: auto-detecting
*geometry* detected driver: pdftex
*geometry* verbose mode - [ preamble ] result:
* driver: pdftex
* paper: a4paper
* layout: <same size as paper>
* layoutoffset:(h,v)=(0.0pt,0.0pt)
* modes: 
* h-part:(L,W,R)=(89.62709pt, 418.25368pt, 89.6271pt)
* v-part:(T,H,B)=(101.40665pt, 591.5302pt, 152.11pt)
* \paperwidth=597.50787pt
* \paperheight=845.04684pt
* \textwidth=418.25368pt
* \textheight=591.5302pt
* \oddsidemargin=17.3571pt
* \evensidemargin=17.3571pt
* \topmargin=-7.86334pt
* \headheight=12.0pt
* \headsep=25.0pt
* \topskip=12.0pt
* \footskip=30.0pt
* \marginparwidth=44.0pt
* \marginparsep=10.0pt
* \columnsep=10.0pt
* \skip\footins=10.8pt plus 4.0pt minus 2.0pt
* \hoffset=0.0pt
* \voffset=0.0pt
* \mag=1000
* \@twocolumnfalse
* \@twosidefalse
* \@mparswitchfalse
* \@reversemarginfalse
* (1in=72.27pt=25.4mm, 1cm=28.453pt)

\AtBeginShipoutBox=\box35
Package hyperref Info: Link coloring OFF on input line 15.
(/usr/share/texlive/texmf-dist/tex/latex/hyperref/nameref.sty
Package: nameref 2010/04/30 v2.40 Cross-referencing by name of section

(/usr/share/texlive/texmf-dist/tex/generic/oberdiek/gettitlestring.sty
Package: gettitlestring 2010/12/03 v1.4 Cleanup title references (HO)
)
\c@section@level=\count121
)
LaTeX Info: Redefining \ref on input line 15.
LaTeX Info: Redefining \pageref on input line 15.
LaTeX Info: Redefining \nameref on input line 15.

(./anti_plagiarism.out) (./anti_plagiarism.out)
\@outlinefile=\write3
\openout3 = `anti_plagiarism.out'.


(/usr/share/texlive/texmf-dist/tex/context/base/supp-pdf.mkii
[Loading MPS to PDF converter (version 2006.09.02).]
\scratchcounter=\count122
\scratchdimen=\dimen131
\scratchbox=\box36
\nofMPsegments=\count123
\nofMParguments=\count124
\everyMPshowfont=\toks23
\MPscratchCnt=\count125
\MPscratchDim=\dimen132
\MPnumerator=\count126
\makeMPintoPDFobject=\count127
\everyMPtoPDFconversion=\toks24
) (/usr/share/texlive/texmf-dist/tex/latex/oberdiek/epstopdf-base.sty
Package: epstopdf-base 2010/02/09 v2.5 Base part for package epstopdf

(/usr/share/texlive/texmf-dist/tex/latex/oberdiek/grfext.sty
Package: grfext 2010/08/19 v1.1 Manage graphics extensions (HO)
)
Package grfext Info: Graphics extension search list:
(grfext)             [.png,.pdf,.jpg,.mps,.jpeg,.jbig2,.jb2,.PNG,.PDF,.JPG,.JPE
G,.JBIG2,.JB2,.eps]
(grfext)             \AppendGraphicsExtensions on input line 452.

(/usr/share/texlive/texmf-dist/tex/latex/latexconfig/epstopdf-sys.cfg
File: epstopdf-sys.cfg 2010/07/13 v1.3 Configuration of (r)epstopdf for TeX Liv
e
))
LaTeX Font Info:    Font shape `T1/ppl/bx/n' in size <17.28> not available
(Font)              Font shape `T1/ppl/b/n' tried instead on input line 17.
LaTeX Font Info:    Font shape `T1/ppl/bx/n' in size <14.4> not available
(Font)              Font shape `T1/ppl/b/n' tried instead on input line 19.
LaTeX Font Info:    Font shape `T1/ppl/bx/n' in size <12> not available
(Font)              Font shape `T1/ppl/b/n' tried instead on input line 20.


LaTeX Warning: Citation `hestenes1952methods' on page 1 undefined on input line
 20.


LaTeX Warning: Citation `navaridas2009understanding' on page 1 undefined on inp
ut line 23.


Overfull \hbox (37.07018pt too wide) in paragraph at lines 22--24
\T1/ppl/m/n/12 been used to sim-u-late the neu-rons of the hu-man brain and in 
some cases, robotics. 
 []


LaTeX Warning: Citation `sharp2011event' on page 1 undefined on input line 25.

[1

{/var/lib/texmf/fonts/map/pdftex/updmap/pdftex.map}]
<Pics/neuron.jpg, id=183, 121.4136pt x 85.0377pt>
File: Pics/neuron.jpg Graphic file (type jpg)
 <use Pics/neuron.jpg>
Package pdftex.def Info: Pics/neuron.jpg used on input line 36.
(pdftex.def)             Requested size: 242.8266pt x 170.07495pt.

[2 <./Pics/neuron.jpg>]

LaTeX Warning: Citation `gerstner2002spiking' on page 3 undefined on input line
 43.

LaTeX Font Info:    Try loading font information for U+msa on input line 47.
(/usr/share/texlive/texmf-dist/tex/latex/amsfonts/umsa.fd
File: umsa.fd 2009/06/22 v3.00 AMS symbols A
)
LaTeX Font Info:    Try loading font information for U+msb on input line 47.

(/usr/share/texlive/texmf-dist/tex/latex/amsfonts/umsb.fd
File: umsb.fd 2009/06/22 v3.00 AMS symbols B
)

LaTeX Warning: Citation `furber2007neural' on page 3 undefined on input line 47
.


LaTeX Warning: Citation `furber2007neural' on page 3 undefined on input line 49
.


LaTeX Warning: Citation `navaridas2009understanding' on page 3 undefined on inp
ut line 49.

<Pics/chip.png, id=190, 419.5675pt x 399.4925pt>
File: Pics/chip.png Graphic file (type png)
 <use Pics/chip.png>
Package pdftex.def Info: Pics/chip.png used on input line 51.
(pdftex.def)             Requested size: 839.13293pt x 798.98303pt.


LaTeX Warning: Citation `spinnweb' on page 3 undefined on input line 53.


LaTeX Warning: `!h' float specifier changed to `!ht'.

[3] [4 <./Pics/chip.png>] <Pics/router.png, id=201, 365.365pt x 244.915pt>
File: Pics/router.png Graphic file (type png)

<use Pics/router.png>
Package pdftex.def Info: Pics/router.png used on input line 63.
(pdftex.def)             Requested size: 730.72821pt x 489.82877pt.


LaTeX Warning: Citation `navaridas2009understanding' on page 5 undefined on inp
ut line 65.

<Pics/topology.png, id=202, 290.08376pt x 289.08pt>
File: Pics/topology.png Graphic file (type png)
 <use Pics/topology.png>
Package pdftex.def Info: Pics/topology.png used on input line 71.
(pdftex.def)             Requested size: 580.16608pt x 578.15857pt.


LaTeX Warning: Citation `navaridas2009understanding' on page 5 undefined on inp
ut line 74.


LaTeX Warning: Citation `navaridas2009understanding' on page 5 undefined on inp
ut line 74.


LaTeX Warning: `!h' float specifier changed to `!ht'.


LaTeX Warning: Citation `furber2012overview' on page 5 undefined on input line 
77.


LaTeX Warning: Citation `khan2008spinnaker' on page 5 undefined on input line 7
9.

[5 <./Pics/router.png>]

LaTeX Warning: Citation `navaridas2009understanding' on page 6 undefined on inp
ut line 81.


LaTeX Warning: Citation `plana2007gals' on page 6 undefined on input line 81.


LaTeX Warning: Citation `spinnweb' on page 6 undefined on input line 84.


LaTeX Warning: Citation `navaridas2009understanding' on page 6 undefined on inp
ut line 84.

[6 <./Pics/topology.png>]
LaTeX Font Info:    Try loading font information for OMS+ppl on input line 86.

(/usr/share/texlive/texmf-dist/tex/latex/psnfss/omsppl.fd
File: omsppl.fd 
)
LaTeX Font Info:    Font shape `OMS/ppl/m/n' in size <12> not available
(Font)              Font shape `OMS/cmsy/m/n' tried instead on input line 86.


LaTeX Warning: Citation `docfile' on page 7 undefined on input line 87.


LaTeX Warning: Citation `docfile' on page 7 undefined on input line 94.


LaTeX Warning: Citation `docfile' on page 7 undefined on input line 100.


LaTeX Warning: Citation `navaridas2009understanding' on page 7 undefined on inp
ut line 100.

[7]

LaTeX Warning: Citation `furber2012overview' on page 8 undefined on input line 
108.

[8]

LaTeX Warning: Citation `spinnweb' on page 9 undefined on input line 119.


Overfull \hbox (13.69441pt too wide) in paragraph at lines 119--120
[]\T1/ppl/m/n/12 Sark lets the user to ma-nip-u-late some hard-ware parts of a 
SpiN-Naker chip.[[]] 
 []


LaTeX Warning: Citation `jefflec' on page 9 undefined on input line 124.


LaTeX Warning: Citation `jefflec' on page 9 undefined on input line 126.


LaTeX Warning: Citation `jefflec' on page 9 undefined on input line 128.

[9]

LaTeX Warning: Citation `docfile' on page 10 undefined on input line 133.


LaTeX Warning: Citation `docfile' on page 10 undefined on input line 135.


Overfull \hbox (4.65762pt too wide) in paragraph at lines 137--138
\T1/ppl/m/n/12 As men-tioned be-fore the SpiN-Naker ar-chi-tec-ture's pro-gram-
ming model is event-
 []

[10] <Pics/event-handling.png, id=237, 667.49374pt x 550.055pt>
File: Pics/event-handling.png Graphic file (type png)

<use Pics/event-handling.png>
Package pdftex.def Info: Pics/event-handling.png used on input line 145.
(pdftex.def)             Requested size: 1334.98425pt x 1100.1073pt.


LaTeX Warning: Citation `sharp2011event' on page 11 undefined on input line 147
.


LaTeX Warning: Citation `sharp2011event' on page 11 undefined on input line 152
.


LaTeX Warning: Citation `rast2012managing' on page 11 undefined on input line 1
52.

[11 <./Pics/event-handling.png>]

LaTeX Warning: Citation `rast2012event' on page 12 undefined on input line 155.



LaTeX Warning: Citation `rast2011event' on page 12 undefined on input line 155.



LaTeX Warning: Citation `davies2011maintaining' on page 12 undefined on input l
ine 155.


LaTeX Warning: Citation `jin2010algorithm' on page 12 undefined on input line 1
55.


LaTeX Warning: Citation `davies2010interfacing' on page 12 undefined on input l
ine 155.


LaTeX Warning: Citation `sharp2012power' on page 12 undefined on input line 155
.


LaTeX Warning: Citation `bose2005spiking' on page 12 undefined on input line 15
5.


LaTeX Warning: Citation `press2007numerical' on page 12 undefined on input line
 164.


Overfull \hbox (26.78618pt too wide) in paragraph at lines 164--165
\T1/ppl/m/n/12 Hestenes and Ed-uard Stiefel and can be used to solve op-ti-miza
-tion problems[[]]. 
 []

[12]

LaTeX Warning: Citation `press2007numerical' on page 13 undefined on input line
 190.


LaTeX Warning: Citation `shewchuk1994introduction' on page 13 undefined on inpu
t line 190.


LaTeX Warning: Citation `cgm2009lec' on page 13 undefined on input line 190.


Package hyperref Warning: Token not allowed in a PDF string (PDFDocEncoding):
(hyperref)                removing `\@ifnextchar' on input line 190.


Package hyperref Warning: Token not allowed in a PDF string (PDFDocEncoding):
(hyperref)                removing `\@ifnextchar' on input line 190.


Package hyperref Warning: Token not allowed in a PDF string (PDFDocEncoding):
(hyperref)                removing `\@ifnextchar' on input line 190.


LaTeX Warning: Citation `rosenbloom1956method' on page 13 undefined on input li
ne 193.


Overfull \hbox (29.22095pt too wide) in paragraph at lines 193--194
[]\T1/ppl/m/n/12 As it is for most op-ti-miza-tion tech-niques(for ex-am-ple th
e method Steep-est Descent[[]])
 []


LaTeX Warning: Citation `rast2012managing' on page 13 undefined on input line 1
99.

[13]
Overfull \hbox (3.75616pt too wide) detected at line 221
[][] \OT1/cmr/m/n/12 = [](\OML/cmm/m/it/12 x[] \OT1/cmr/m/n/12 + \OML/cmm/m/it/
12 p[]\OT1/cmr/m/n/12 )[]\OML/cmm/m/it/12 Ap[] \OT1/cmr/m/n/12 + [][\OML/cmm/m
/it/12 p[]A\OT1/cmr/m/n/12 (\OML/cmm/m/it/12 x[] \OT1/cmr/m/n/12 + \OML/cmm/m/i
t/12 p[]\OT1/cmr/m/n/12 )][] + \OML/cmm/m/it/12 b[]p[] \OT1/cmr/m/n/12 = (\OML
/cmm/m/it/12 x[] \OT1/cmr/m/n/12 + \OML/cmm/m/it/12 p[]\OT1/cmr/m/n/12 )[]\OML
/cmm/m/it/12 Ap[] \OT1/cmr/m/n/12 + \OML/cmm/m/it/12 b[]p[]
 []

[14] [15]
Underfull \hbox (badness 10000) in paragraph at lines 277--280

 []


LaTeX Warning: Citation `press2007numerical' on page 16 undefined on input line
 298.


LaTeX Warning: Citation `shewchuk1994introduction' on page 16 undefined on inpu
t line 298.


LaTeX Warning: Citation `cgm2009lec' on page 16 undefined on input line 298.

[16]

LaTeX Warning: Citation `o1987parallel' on page 17 undefined on input line 305.



LaTeX Warning: Citation `adams1985m' on page 17 undefined on input line 307.


LaTeX Warning: Citation `adams1983m' on page 17 undefined on input line 307.


LaTeX Warning: Citation `maheswaran1999mcgs' on page 17 undefined on input line
 309.


LaTeX Warning: Citation `yang2001improved' on page 17 undefined on input line 3
09.


LaTeX Warning: Citation `galiano2012gpu' on page 17 undefined on input line 311
.


LaTeX Warning: Citation `wozniak2010parallel' on page 17 undefined on input lin
e 311.

[17] <Pics/basic.png, id=306, 242.9075pt x 159.59625pt>
File: Pics/basic.png Graphic file (type png)
 <use Pics/basic.png>
Package pdftex.def Info: Pics/basic.png used on input line 320.
(pdftex.def)             Requested size: 485.81378pt x 319.19168pt.

[18 <./Pics/basic.png>] <Pics/mat0mult.png, id=312, 414.54875pt x 293.095pt>
File: Pics/mat0mult.png Graphic file (type png)

<use Pics/mat0mult.png>
Package pdftex.def Info: Pics/mat0mult.png used on input line 330.
(pdftex.def)             Requested size: 829.09546pt x 586.18854pt.


LaTeX Warning: Citation `basicinterim' on page 19 undefined on input line 332.


LaTeX Warning: Citation `basicinterim' on page 19 undefined on input line 332.

[19 <./Pics/mat0mult.png>]
Overfull \hbox (3.6949pt too wide) in paragraph at lines 339--340
[]\T1/ppl/m/n/12 In Fig-ure 7 the node $\OML/cmm/m/it/12 x[]$ \T1/ppl/m/n/12 se
nds its value to the $\OML/cmm/m/it/12 A$ \T1/ppl/m/n/12 nodes with col-umn 0($
\OML/cmm/m/it/12 A[]A[]A[]$\T1/ppl/m/n/12 ).
 []

<Pics/program_flow.png, id=319, 1181.41376pt x 323.2075pt>
File: Pics/program_flow.png Graphic file (type png)

<use Pics/program_flow.png>
Package pdftex.def Info: Pics/program_flow.png used on input line 345.
(pdftex.def)             Requested size: 1181.41087pt x 323.20671pt.

Overfull \hbox (81.74039pt too wide) in paragraph at lines 345--347
 [][] 
 []

[20 <./Pics/program_flow.png>] [21]
Overfull \hbox (11.02992pt too wide) in paragraph at lines 381--382
[]\T1/ppl/m/n/12 The floats Value,Temp and un-signed counter are the orig-i-nal
 val-ues of Value,Temp
 []

[22] [23]
Overfull \hbox (6.06175pt too wide) in paragraph at lines 395--396
\T1/ppl/m/n/12 At this point a jus-ti-fi-ca-tion for some de-sign de-ci-sions w
ould be ap-pro-pri-ate. 
 []

[24] [25] [26] [27]
Overfull \hbox (11.77373pt too wide) in paragraph at lines 445--446
\T1/ppl/m/n/12 were con-structed in or-der to cre-ate the in-put files quickly 
and with-out er-rors. 
 []

[28]

LaTeX Warning: Citation `git_repo' on page 29 undefined on input line 457.

[29] [30]
Package atveryend Info: Empty hook `BeforeClearDocument' on input line 482.
 [31]
Package atveryend Info: Empty hook `AfterLastShipout' on input line 482.
 (./anti_plagiarism.aux)
Package atveryend Info: Executing hook `AtVeryEndDocument' on input line 482.
Package atveryend Info: Executing hook `AtEndAfterFileList' on input line 482.
Package rerunfilecheck Info: File `anti_plagiarism.out' has not changed.
(rerunfilecheck)             Checksum: 4466E740BF1EBD5CEC02626D0A10699B;2903.


LaTeX Warning: There were undefined references.

Package atveryend Info: Empty hook `AtVeryVeryEnd' on input line 482.
 ) 
Here is how much of TeX's memory you used:
 8069 strings out of 493485
 113103 string characters out of 3143526
 221647 words of memory out of 3000000
 11143 multiletter control sequences out of 15000+200000
 18417 words of font info for 45 fonts, out of 3000000 for 9000
 957 hyphenation exceptions out of 8191
 29i,16n,32p,1271b,419s stack positions out of 5000i,500n,10000p,200000b,50000s
{/usr/share/texlive/texmf-dist/fonts/enc/dvips/base/8r.enc}</usr/share/texliv
e/texmf-dist/fonts/type1/public/amsfonts/cm/cmmi12.pfb></usr/share/texlive/texm
f-dist/fonts/type1/public/amsfonts/cm/cmmi6.pfb></usr/share/texlive/texmf-dist/
fonts/type1/public/amsfonts/cm/cmmi8.pfb></usr/share/texlive/texmf-dist/fonts/t
ype1/public/amsfonts/cm/cmr12.pfb></usr/share/texlive/texmf-dist/fonts/type1/pu
blic/amsfonts/cm/cmr6.pfb></usr/share/texlive/texmf-dist/fonts/type1/public/ams
fonts/cm/cmr8.pfb></usr/share/texlive/texmf-dist/fonts/type1/public/amsfonts/cm
/cmsy10.pfb></usr/share/texlive/texmf-dist/fonts/type1/public/amsfonts/cm/cmsy8
.pfb></usr/share/texlive/texmf-dist/fonts/type1/urw/palatino/uplb8a.pfb></usr/s
hare/texlive/texmf-dist/fonts/type1/urw/palatino/uplr8a.pfb></usr/share/texlive
/texmf-dist/fonts/type1/urw/palatino/uplri8a.pfb>
Output written on anti_plagiarism.pdf (31 pages, 785155 bytes).
PDF statistics:
 443 PDF objects out of 1000 (max. 8388607)
 387 compressed objects within 4 object streams
 125 named destinations out of 1000 (max. 500000)
 385 words of extra memory for PDF output out of 10000 (max. 10000000)

