\BOOKMARK [1][-]{section.1}{Introduction}{}
\BOOKMARK [2][-]{subsection.1.1}{Aim}{section.1}
\BOOKMARK [2][-]{subsection.1.2}{Reasons and Justification}{section.1}
\BOOKMARK [2][-]{subsection.1.3}{Overview}{section.1}
\BOOKMARK [1][-]{section.2}{Background}{}
\BOOKMARK [2][-]{subsection.2.1}{The neuron}{section.2}
\BOOKMARK [2][-]{subsection.2.2}{The SpiNNaker architecture}{section.2}
\BOOKMARK [3][-]{subsubsection.2.2.1}{SpiNNaker chip Overview}{subsection.2.2}
\BOOKMARK [3][-]{subsubsection.2.2.2}{The router}{subsection.2.2}
\BOOKMARK [3][-]{subsubsection.2.2.3}{Topology}{subsection.2.2}
\BOOKMARK [3][-]{subsubsection.2.2.4}{Packets}{subsection.2.2}
\BOOKMARK [3][-]{subsubsection.2.2.5}{Routing Tables}{subsection.2.2}
\BOOKMARK [3][-]{subsubsection.2.2.6}{Bandwidth}{subsection.2.2}
\BOOKMARK [2][-]{subsection.2.3}{Software}{section.2}
\BOOKMARK [3][-]{subsubsection.2.3.1}{Startup}{subsection.2.3}
\BOOKMARK [3][-]{subsubsection.2.3.2}{Local Data Structures}{subsection.2.3}
\BOOKMARK [3][-]{subsubsection.2.3.3}{Program Loading}{subsection.2.3}
\BOOKMARK [3][-]{subsubsection.2.3.4}{Event Handling}{subsection.2.3}
\BOOKMARK [2][-]{subsection.2.4}{Notable work using the SpiNNaker architecture}{section.2}
\BOOKMARK [2][-]{subsection.2.5}{Conjugate Gradient Method}{section.2}
\BOOKMARK [3][-]{subsubsection.2.5.1}{The quadratic form}{subsection.2.5}
\BOOKMARK [3][-]{subsubsection.2.5.2}{Conjugate Gradients}{subsection.2.5}
\BOOKMARK [3][-]{subsubsection.2.5.3}{The algorithm}{subsection.2.5}
\BOOKMARK [3][-]{subsubsection.2.5.4}{Parallel solutions of the CGM}{subsection.2.5}
\BOOKMARK [1][-]{section.3}{Design}{}
\BOOKMARK [2][-]{subsection.3.1}{Basic communication}{section.3}
\BOOKMARK [2][-]{subsection.3.2}{Matrix-Vector Multiplication}{section.3}
\BOOKMARK [2][-]{subsection.3.3}{Program Flow}{section.3}
\BOOKMARK [2][-]{subsection.3.4}{Target Table}{section.3}
\BOOKMARK [3][-]{subsubsection.3.4.1}{OpCodes}{subsection.3.4}
\BOOKMARK [2][-]{subsection.3.5}{Justification for Design Choices}{section.3}
\BOOKMARK [1][-]{section.4}{Implementation}{}
\BOOKMARK [2][-]{subsection.4.1}{Simulators}{section.4}
\BOOKMARK [2][-]{subsection.4.2}{Offset}{section.4}
\BOOKMARK [2][-]{subsection.4.3}{Second Iteration}{section.4}
\BOOKMARK [2][-]{subsection.4.4}{Input files}{section.4}
\BOOKMARK [2][-]{subsection.4.5}{Implementation OpCodes}{section.4}
\BOOKMARK [2][-]{subsection.4.6}{Connections and OpCodes programs}{section.4}
\BOOKMARK [2][-]{subsection.4.7}{SpiNNaker Event Handler}{section.4}
\BOOKMARK [1][-]{section.5}{Testing}{}
\BOOKMARK [1][-]{section.6}{Evaluation}{}
\BOOKMARK [1][-]{section.7}{Conclusion}{}
\BOOKMARK [1][-]{section.8}{Appendix}{}
\BOOKMARK [2][-]{subsection.8.1}{Example Input file}{section.8}
\BOOKMARK [2][-]{subsection.8.2}{Outline of OpCodes}{section.8}
\BOOKMARK [2][-]{subsection.8.3}{Test examples}{section.8}
\BOOKMARK [2][-]{subsection.8.4}{Project Brief}{section.8}
\BOOKMARK [2][-]{subsection.8.5}{Gantt Charts}{section.8}
